[0711/140459:ERROR:process_info.cc(608)] range at 0xfffde000, size 0x230 fully unreadable
[0711/140459:ERROR:process_info.cc(608)] range at 0xfffdd000, size 0xf84 fully unreadable
[0711/140459:ERROR:process_info.cc(608)] range at 0xfffda000, size 0xf84 fully unreadable
[0711/140459:ERROR:process_info.cc(608)] range at 0xfffd7000, size 0xf84 fully unreadable
[0711/140459:ERROR:process_info.cc(608)] range at 0xfffaf000, size 0xf84 fully unreadable
[0711/140459:ERROR:process_info.cc(608)] range at 0xfffac000, size 0xf84 fully unreadable
[0711/140459:ERROR:process_info.cc(608)] range at 0xfffa9000, size 0xf84 fully unreadable
[0711/140459:ERROR:process_info.cc(608)] range at 0xfffa6000, size 0xf84 fully unreadable
[0711/140459:ERROR:process_info.cc(608)] range at 0xfffa3000, size 0xf84 fully unreadable
[0711/140459:ERROR:process_info.cc(608)] range at 0xfffa0000, size 0xf84 fully unreadable
[0711/140459:ERROR:process_info.cc(608)] range at 0xfff9d000, size 0xf84 fully unreadable
[0711/180456:ERROR:scoped_process_suspend.cc(29)] NtSuspendProcess, ntstatus=-1073741558
[0711/180456:ERROR:process_info.cc(103)] ReadProcessMemory bool __cdecl crashpad::`anonymous-namespace'::ReadStruct<struct crashpad::process_types::PEB<struct crashpad::process_types::internal::Traits64>>(void *,unsigned __int64,struct crashpad::process_types::PEB<struct crashpad::process_types::internal::Traits64> *): Only part of a ReadProcessMemory or WriteProcessMemory request was completed. (0x12B)
[0711/180456:ERROR:process_info.cc(542)] ReadProcessData failed
[0711/180456:ERROR:process_info.cc(608)] range at 0x7fffffdd000, size 0x354 fully unreadable
[0711/180456:ERROR:process_reader_win.cc(232)] ReadMemory at 0x7fffffdd000 of 852 bytes failed: Only part of a ReadProcessMemory or WriteProcessMemory request was completed. (0x12B)
[0711/180456:ERROR:process_snapshot_win.cc(349)] ReadMemory PEB
[0711/180456:ERROR:process_reader_win.cc(232)] ReadMemory at 0x76e62540 of 6656 bytes failed: Only part of a ReadProcessMemory or WriteProcessMemory request was completed. (0x12B)
[0711/180456:ERROR:process_reader_win.cc(98)] process 18352 not found
[0711/180456:ERROR:process_reader_win.cc(232)] ReadMemory at 0x13ff61910 of 12 bytes failed: Only part of a ReadProcessMemory or WriteProcessMemory request was completed. (0x12B)
[0711/180456:WARNING:process_snapshot_win.cc(102)] ReadMemory ExceptionInformation failed
[0711/180456:WARNING:crash_report_exception_handler.cc(60)] ProcessSnapshotWin::InitializeException failed
[0711/180456:ERROR:scoped_process_suspend.cc(38)] NtResumeProcess, ntstatus=-1073741558
